<?xml version="1.0" encoding="UTF-8"?>
<robot generator="Robot 7.0 (Python 3.10.4 on win32)" generated="2024-09-01T02:36:42.285215" rpa="false" schemaversion="5">
<suite id="s1" name="RobotFramework-TestAutomation" source="C:\Users\matia\Documents\repositories\RobotFramework-TestAutomation">
<suite id="s1-s1" name="TestSuite" source="C:\Users\matia\Documents\repositories\RobotFramework-TestAutomation\TestSuite">
<suite id="s1-s1-s1" name="CreateAnAccountTest" source="C:\Users\matia\Documents\repositories\RobotFramework-TestAutomation\TestSuite\CreateAnAccountTest.robot">
<test id="s1-s1-s1-t1" name="CreateAnAccountTest" line="11">
<kw name="Launch Application" owner="LaunchApplication">
<kw name="Open Browser" owner="SeleniumLibrary">
<msg time="2024-09-01T02:36:42.479725" level="INFO">Opening browser 'Chrome' to base url 'httpsC:\Users\matia\Documents\repositories\RobotFramework-TestAutomation\TestData'.</msg>
<arg>${AppURL}</arg>
<arg>${Browser}</arg>
<doc>Opens a new browser instance to the optional ``url``.</doc>
<status status="PASS" start="2024-09-01T02:36:42.479227" elapsed="1.362786"/>
</kw>
<kw name="Maximize Browser Window" owner="SeleniumLibrary">
<doc>Maximizes current browser window.</doc>
<status status="PASS" start="2024-09-01T02:36:43.842519" elapsed="0.034147"/>
</kw>
<status status="PASS" start="2024-09-01T02:36:42.478226" elapsed="1.398440"/>
</kw>
<kw name="Clear SUT To Initial State" owner="LaunchApplication" type="TEARDOWN">
<kw name="Close Browser" owner="SeleniumLibrary">
<doc>Closes the current browser.</doc>
<status status="PASS" start="2024-09-01T02:36:43.878667" elapsed="2.099663"/>
</kw>
<status status="PASS" start="2024-09-01T02:36:43.877665" elapsed="2.101163"/>
</kw>
<status status="PASS" start="2024-09-01T02:36:42.477227" elapsed="3.502101"/>
</test>
<status status="PASS" start="2024-09-01T02:36:42.308747" elapsed="3.671581"/>
</suite>
<status status="PASS" start="2024-09-01T02:36:42.307245" elapsed="3.674592"/>
</suite>
<status status="PASS" start="2024-09-01T02:36:42.289215" elapsed="3.693628"/>
</suite>
<statistics>
<total>
<stat pass="1" fail="0" skip="0">All Tests</stat>
</total>
<tag>
</tag>
<suite>
<stat pass="1" fail="0" skip="0" id="s1" name="RobotFramework-TestAutomation">RobotFramework-TestAutomation</stat>
<stat pass="1" fail="0" skip="0" id="s1-s1" name="TestSuite">RobotFramework-TestAutomation.TestSuite</stat>
<stat pass="1" fail="0" skip="0" id="s1-s1-s1" name="CreateAnAccountTest">RobotFramework-TestAutomation.TestSuite.CreateAnAccountTest</stat>
</suite>
</statistics>
<errors>
</errors>
</robot>
